<?xml version="1.0" encoding="UTF-8"?>
<testsuite name="NumberUtilTest" tests="1" skipped="0" failures="0" errors="0" timestamp="2022-10-05T08:59:49" hostname="DESKTOP-MTLB79S" time="0.02">
  <properties/>
  <testcase name="parseInt()" classname="NumberUtilTest" time="0.02"/>
  <system-out><![CDATA[]]></system-out>
  <system-err><![CDATA[]]></system-err>
</testsuite>
